<?xml version="1.0" encoding="UTF-8"?>
<testng-results skipped="0" failed="0" total="1" passed="1">
  <reporter-output>
  </reporter-output>
  <suite name="Default suite" duration-ms="15090" started-at="2019-07-12T12:06:59Z" finished-at="2019-07-12T12:07:14Z">
    <groups>
    </groups>
    <test name="Default test" duration-ms="15090" started-at="2019-07-12T12:06:59Z" finished-at="2019-07-12T12:07:14Z">
      <class name="Parametrs.testlogin">
        <test-method status="PASS" signature="appln()[pri:0, instance:Parametrs.testlogin@19dfb72a]" name="appln" is-config="true" duration-ms="10754" started-at="2019-07-12T17:36:59Z" finished-at="2019-07-12T17:37:10Z">
          <reporter-output>
          </reporter-output>
        </test-method> <!-- appln -->
        <test-method status="PASS" signature="testlogin1()[pri:0, instance:Parametrs.testlogin@19dfb72a]" name="testlogin1" duration-ms="3552" started-at="2019-07-12T17:37:10Z" finished-at="2019-07-12T17:37:14Z">
          <reporter-output>
          </reporter-output>
        </test-method> <!-- testlogin1 -->
        <test-method status="PASS" signature="closeappln()[pri:0, instance:Parametrs.testlogin@19dfb72a]" name="closeappln" is-config="true" duration-ms="761" started-at="2019-07-12T17:37:14Z" finished-at="2019-07-12T17:37:14Z">
          <reporter-output>
          </reporter-output>
        </test-method> <!-- closeappln -->
      </class> <!-- Parametrs.testlogin -->
    </test> <!-- Default test -->
  </suite> <!-- Default suite -->
</testng-results>
